16:02:03.676 TRACE log
16:02:03.683 DEBUG log
16:02:03.684 INFO log
16:02:03.685 WARN log
16:02:03.686 ERROR log
16:10:11.410 TRACE log
16:10:11.418 DEBUG log
16:10:11.419 INFO log
16:10:11.422 WARN log
16:10:11.422 ERROR log
16:10:57.269 TRACE log
16:10:57.273 DEBUG log
16:10:57.274 INFO log
16:10:57.275 WARN log
16:10:57.275 ERROR log
16:11:58.180 TRACE log
16:11:58.187 DEBUG log
16:11:58.187 INFO log
16:11:58.190 WARN log
16:11:58.190 ERROR log
16:17:35.470 TRACE log
16:17:35.476 DEBUG log
16:17:35.476 INFO log
16:17:35.478 WARN log
16:17:35.478 ERROR log
